[31m[2022-07-18T12:43:11.744Z] - level: error - Error saveProducts ValidationError: price: Cast to Number failed for value "price" (type string) at path "price", stock: Cast to Number failed for value "stock" (type string) at path "stock"[39m
[31m[2022-07-18T12:43:21.744Z] - level: error - Error saveProducts ValidationError: price: Cast to Number failed for value "price" (type string) at path "price", stock: Cast to Number failed for value "stock" (type string) at path "stock"[39m
[31m[2022-07-18T12:43:28.851Z] - level: error - Error saveProducts ValidationError: price: Cast to Number failed for value "price" (type string) at path "price", stock: Cast to Number failed for value "stock" (type string) at path "stock"[39m
[31m[2022-07-18T12:44:19.366Z] - level: error - Error saveProducts ValidationError: price: Cast to Number failed for value "price" (type string) at path "price", stock: Cast to Number failed for value "stock" (type string) at path "stock"[39m
[31m[2022-07-18T13:05:41.697Z] - level: error - Error en addProductInCart MongoServerError: Plan executor error during findAndModify :: caused by :: Performing an update on the path '_id' would modify the immutable field '_id'[39m
[31m[2022-07-18T13:05:43.951Z] - level: error - Error en addProductInCart MongoServerError: Plan executor error during findAndModify :: caused by :: Performing an update on the path '_id' would modify the immutable field '_id'[39m
[31m[2022-07-18T13:08:22.607Z] - level: error - Error en addProductInCart MongoServerError: Plan executor error during findAndModify :: caused by :: Performing an update on the path '_id' would modify the immutable field '_id'[39m
[31m[2022-07-18T13:09:54.495Z] - level: error - Error en addProductInCart MongoServerError: Plan executor error during findAndModify :: caused by :: Performing an update on the path '_id' would modify the immutable field '_id'[39m
[31m[2022-07-18T13:11:07.288Z] - level: error - Error en addProductInCart MongoServerError: Plan executor error during findAndModify :: caused by :: Performing an update on the path '_id' would modify the immutable field '_id'[39m
[31m[2022-07-18T13:12:05.111Z] - level: error - Error en addProductInCart MongoServerError: Plan executor error during findAndModify :: caused by :: Performing an update on the path '_id' would modify the immutable field '_id'[39m
[31m[2022-07-18T13:17:58.717Z] - level: error - Error en addProductInCart MongoServerError: Plan executor error during findAndModify :: caused by :: Performing an update on the path '_id' would modify the immutable field '_id'[39m
[31m[2022-07-18T13:19:27.477Z] - level: error - Error en addProductInCart MongoServerError: Plan executor error during findAndModify :: caused by :: Performing an update on the path '_id' would modify the immutable field '_id'[39m
[31m[2022-07-18T13:21:00.401Z] - level: error - Error en addProductInCart MongoServerError: Plan executor error during findAndModify :: caused by :: Performing an update on the path '_id' would modify the immutable field '_id'[39m
[31m[2022-07-18T13:23:07.191Z] - level: error - Error en addProductInCart MongoServerError: Plan executor error during findAndModify :: caused by :: Performing an update on the path '_id' would modify the immutable field '_id'[39m
[31m[2022-07-18T13:24:13.743Z] - level: error - Error en addProductInCart-DAO: MongoServerError: Plan executor error during findAndModify :: caused by :: Performing an update on the path '_id' would modify the immutable field '_id'[39m
[31m[2022-07-18T13:25:29.818Z] - level: error - Error en addProductInCart-DAO: MongoServerError: Plan executor error during findAndModify :: caused by :: Performing an update on the path '_id' would modify the immutable field '_id'[39m
[31m[2022-07-18T13:26:11.421Z] - level: error - Error en addProductInCart-DAO: MongoServerError: Plan executor error during findAndModify :: caused by :: Performing an update on the path '_id' would modify the immutable field '_id'[39m
[31m[2022-07-18T13:26:41.629Z] - level: error - Error en addProductInCart-DAO: MongoServerError: Plan executor error during findAndModify :: caused by :: Performing an update on the path '_id' would modify the immutable field '_id'[39m
[31m[2022-07-18T13:30:59.265Z] - level: error - Error en addProductInCart-DAO: MongoServerError: Plan executor error during findAndModify :: caused by :: Performing an update on the path '_id' would modify the immutable field '_id'[39m
[31m[2022-07-18T13:31:26.650Z] - level: error - Error en addProductInCart-DAO: MongoServerError: Plan executor error during findAndModify :: caused by :: Performing an update on the path '_id' would modify the immutable field '_id'[39m
[31m[2022-07-18T13:31:41.990Z] - level: error - Error en addProductInCart-DAO: MongoServerError: Plan executor error during findAndModify :: caused by :: Performing an update on the path '_id' would modify the immutable field '_id'[39m
[31m[2022-07-18T13:32:11.038Z] - level: error - Error en addProductInCart-DAO: MongoServerError: Plan executor error during findAndModify :: caused by :: Performing an update on the path '_id' would modify the immutable field '_id'[39m
[31m[2022-07-18T13:33:24.601Z] - level: error - Error en addProductInCart-DAO: MongoServerError: Plan executor error during findAndModify :: caused by :: Performing an update on the path '_id' would modify the immutable field '_id'[39m
[31m[2022-07-18T13:37:50.117Z] - level: error - Error en addProductInCart-DAO: MongoServerError: Plan executor error during findAndModify :: caused by :: Performing an update on the path '_id' would modify the immutable field '_id'[39m
[31m[2022-07-18T13:38:21.813Z] - level: error - Error en addProductInCart-DAO: MongoServerError: Plan executor error during findAndModify :: caused by :: Performing an update on the path '_id' would modify the immutable field '_id'[39m
[31m[2022-07-18T13:38:38.940Z] - level: error - Error en addProductInCart-DAO: MongoServerError: Plan executor error during findAndModify :: caused by :: Performing an update on the path '_id' would modify the immutable field '_id'[39m
[31m[2022-07-18T13:39:10.697Z] - level: error - Error en addProductInCart-DAO: MongoServerError: Plan executor error during findAndModify :: caused by :: Performing an update on the path '_id' would modify the immutable field '_id'[39m
[31m[2022-07-18T13:40:42.781Z] - level: error - Error en addProductInCart-DAO: MongoServerError: Plan executor error during findAndModify :: caused by :: Performing an update on the path '_id' would modify the immutable field '_id'[39m
[31m[2022-07-18T13:46:22.405Z] - level: error - Error en deleteProductInCart-DAO:TypeError: cartById.products.delete is not a function[39m
[31m[2022-07-18T13:47:07.971Z] - level: error - Error en deleteProductInCart-DAO:TypeError: cartById.products.delete is not a function[39m
[31m[2022-07-18T13:48:58.213Z] - level: error - Error en deleteProductInCart-DAO:TypeError: cartById.products.delete is not a function[39m
[31m[2022-07-18T13:51:06.838Z] - level: error - Error en deleteProductInCart-DAO: TypeError: cartById.products.delete is not a function[39m
[31m[2022-07-18T13:52:23.857Z] - level: error - Error en deleteProductInCart-DAO: TypeError: cartById.products.delete is not a function[39m
[31m[2022-07-18T13:52:51.039Z] - level: error - Error en deleteProductInCart-DAO: TypeError: cartById.products.delete is not a function[39m
[31m[2022-08-04T14:09:50.480Z] - level: error - Error in getByIdProduct-DAO: CastError: Cast to ObjectId failed for value "{ id: '62d555f18b5b3ea833fbd390' }" (type Object) at path "_id" for model "products"[39m
[31m[2022-08-04T14:11:20.145Z] - level: error - Error in getByIdProduct ReferenceError: id is not defined[39m
[31m[2022-08-04T14:11:59.540Z] - level: error - Error in getByIdProduct ReferenceError: idP is not defined[39m
[31m[2022-08-04T14:12:34.629Z] - level: error - Error in getByIdProduct ReferenceError: idP is not defined[39m
[31m[2022-08-04T14:13:23.606Z] - level: error - Error in getByIdProduct ReferenceError: idP is not defined[39m
[31m[2022-08-04T14:13:40.635Z] - level: error - Error in getByIdProduct-DAO: CastError: Cast to ObjectId failed for value "{ id: '62d555f18b5b3ea833fbd390' }" (type Object) at path "_id" for model "products"[39m
[31m[2022-08-04T14:36:39.230Z] - level: error - Error in updateProducts TypeError: Cannot read properties of undefined (reading 'length')[39m
[31m[2022-08-04T14:37:18.538Z] - level: error - Error in updateProducts TypeError: Cannot read properties of undefined (reading 'id')[39m
[31m[2022-08-04T14:37:43.985Z] - level: error - Error in updateProducts TypeError: Cannot read properties of undefined (reading 'id')[39m
[31m[2022-08-04T14:38:30.378Z] - level: error - Error in updateProducts TypeError: Cannot read properties of undefined (reading 'length')[39m
[31m[2022-08-04T14:43:02.741Z] - level: error - Error in updateProducts TypeError: Cannot read properties of undefined (reading 'length')[39m
[31m[2022-08-04T14:44:45.608Z] - level: error - Error in updateProducts TypeError: Cannot read properties of undefined (reading 'length')[39m
[31m[2022-08-04T14:48:36.427Z] - level: error - Error in updateProducts TypeError: Cannot read properties of undefined (reading 'length')[39m
[31m[2022-08-04T14:50:06.871Z] - level: error - Error in updateProducts TypeError: Cannot read properties of undefined (reading 'length')[39m
